<?xml version="1.0" encoding="UTF-8"?>
<testsuite xmlns:xsi="http://www.w3.org/2001/XMLSchema-instance" xsi:noNamespaceSchemaLocation="https://maven.apache.org/surefire/maven-surefire-plugin/xsd/surefire-test-report-3.0.xsd" version="3.0" name="TestSuite" time="172.501" tests="8" errors="0" skipped="0" failures="1">
  <properties>
    <property name="gopherProxySet" value="false"/>
    <property name="awt.toolkit" value="sun.lwawt.macosx.LWCToolkit"/>
    <property name="java.specification.version" value="11"/>
    <property name="sun.cpu.isalist" value=""/>
    <property name="sun.jnu.encoding" value="UTF-8"/>
    <property name="java.class.path" value="/Users/rajatrawat/Documents/appium-mobile-automation/target/test-classes:/Users/rajatrawat/Documents/appium-mobile-automation/target/classes:/Users/rajatrawat/.m2/repository/org/mongodb/bson/3.3.0/bson-3.3.0.jar:/Users/rajatrawat/.m2/repository/org/apache/commons/commons-collections4/4.1/commons-collections4-4.1.jar:/Users/rajatrawat/.m2/repository/org/seleniumhq/selenium/selenium-java/3.141.59/selenium-java-3.141.59.jar:/Users/rajatrawat/.m2/repository/org/seleniumhq/selenium/selenium-api/3.141.59/selenium-api-3.141.59.jar:/Users/rajatrawat/.m2/repository/org/seleniumhq/selenium/selenium-chrome-driver/3.141.59/selenium-chrome-driver-3.141.59.jar:/Users/rajatrawat/.m2/repository/org/seleniumhq/selenium/selenium-edge-driver/3.141.59/selenium-edge-driver-3.141.59.jar:/Users/rajatrawat/.m2/repository/org/seleniumhq/selenium/selenium-firefox-driver/3.141.59/selenium-firefox-driver-3.141.59.jar:/Users/rajatrawat/.m2/repository/org/seleniumhq/selenium/selenium-ie-driver/3.141.59/selenium-ie-driver-3.141.59.jar:/Users/rajatrawat/.m2/repository/org/seleniumhq/selenium/selenium-opera-driver/3.141.59/selenium-opera-driver-3.141.59.jar:/Users/rajatrawat/.m2/repository/org/seleniumhq/selenium/selenium-remote-driver/3.141.59/selenium-remote-driver-3.141.59.jar:/Users/rajatrawat/.m2/repository/org/seleniumhq/selenium/selenium-safari-driver/3.141.59/selenium-safari-driver-3.141.59.jar:/Users/rajatrawat/.m2/repository/org/seleniumhq/selenium/selenium-support/3.141.59/selenium-support-3.141.59.jar:/Users/rajatrawat/.m2/repository/net/bytebuddy/byte-buddy/1.8.15/byte-buddy-1.8.15.jar:/Users/rajatrawat/.m2/repository/org/apache/commons/commons-exec/1.3/commons-exec-1.3.jar:/Users/rajatrawat/.m2/repository/com/squareup/okhttp3/okhttp/3.11.0/okhttp-3.11.0.jar:/Users/rajatrawat/.m2/repository/com/squareup/okio/okio/1.14.0/okio-1.14.0.jar:/Users/rajatrawat/.m2/repository/io/qameta/allure/allure-testng/2.17.0/allure-testng-2.17.0.jar:/Users/rajatrawat/.m2/repository/io/qameta/allure/allure-java-commons/2.17.0/allure-java-commons-2.17.0.jar:/Users/rajatrawat/.m2/repository/io/qameta/allure/allure-model/2.17.0/allure-model-2.17.0.jar:/Users/rajatrawat/.m2/repository/io/qameta/allure/allure-test-filter/2.17.0/allure-test-filter-2.17.0.jar:/Users/rajatrawat/.m2/repository/com/aventstack/extentreports/4.1.2/extentreports-4.1.2.jar:/Users/rajatrawat/.m2/repository/org/apache/httpcomponents/httpclient/4.5.2/httpclient-4.5.2.jar:/Users/rajatrawat/.m2/repository/org/apache/httpcomponents/httpmime/4.5.2/httpmime-4.5.2.jar:/Users/rajatrawat/.m2/repository/com/google/code/gson/gson/2.8.6/gson-2.8.6.jar:/Users/rajatrawat/.m2/repository/org/mongodb/mongodb-driver/3.12.0/mongodb-driver-3.12.0.jar:/Users/rajatrawat/.m2/repository/org/mongodb/mongodb-driver-core/3.12.0/mongodb-driver-core-3.12.0.jar:/Users/rajatrawat/.m2/repository/org/freemarker/freemarker/2.3.23/freemarker-2.3.23.jar:/Users/rajatrawat/.m2/repository/com/google/guava/guava/23.0/guava-23.0.jar:/Users/rajatrawat/.m2/repository/com/google/code/findbugs/jsr305/1.3.9/jsr305-1.3.9.jar:/Users/rajatrawat/.m2/repository/com/google/errorprone/error_prone_annotations/2.0.18/error_prone_annotations-2.0.18.jar:/Users/rajatrawat/.m2/repository/com/google/j2objc/j2objc-annotations/1.1/j2objc-annotations-1.1.jar:/Users/rajatrawat/.m2/repository/org/codehaus/mojo/animal-sniffer-annotations/1.14/animal-sniffer-annotations-1.14.jar:/Users/rajatrawat/.m2/repository/org/apache/poi/poi/3.16/poi-3.16.jar:/Users/rajatrawat/.m2/repository/commons-codec/commons-codec/1.10/commons-codec-1.10.jar:/Users/rajatrawat/.m2/repository/org/apache/poi/poi-excelant/3.16/poi-excelant-3.16.jar:/Users/rajatrawat/.m2/repository/org/apache/ant/ant/1.8.2/ant-1.8.2.jar:/Users/rajatrawat/.m2/repository/org/apache/ant/ant-launcher/1.8.2/ant-launcher-1.8.2.jar:/Users/rajatrawat/.m2/repository/org/testng/testng/7.8.0/testng-7.8.0.jar:/Users/rajatrawat/.m2/repository/org/slf4j/slf4j-api/1.7.36/slf4j-api-1.7.36.jar:/Users/rajatrawat/.m2/repository/com/beust/jcommander/1.82/jcommander-1.82.jar:/Users/rajatrawat/.m2/repository/org/webjars/jquery/3.6.1/jquery-3.6.1.jar:/Users/rajatrawat/.m2/repository/org/seleniumhq/selenium/selenium-server/3.7.1/selenium-server-3.7.1.jar:/Users/rajatrawat/.m2/repository/org/apache/commons/commons-lang3/3.5/commons-lang3-3.5.jar:/Users/rajatrawat/.m2/repository/commons-io/commons-io/2.5/commons-io-2.5.jar:/Users/rajatrawat/.m2/repository/commons-logging/commons-logging/1.2/commons-logging-1.2.jar:/Users/rajatrawat/.m2/repository/org/w3c/css/sac/1.3/sac-1.3.jar:/Users/rajatrawat/.m2/repository/net/sourceforge/cssparser/cssparser/0.9.23/cssparser-0.9.23.jar:/Users/rajatrawat/.m2/repository/net/sourceforge/htmlunit/htmlunit/2.27/htmlunit-2.27.jar:/Users/rajatrawat/.m2/repository/net/sourceforge/htmlunit/htmlunit-core-js/2.27/htmlunit-core-js-2.27.jar:/Users/rajatrawat/.m2/repository/net/sourceforge/htmlunit/neko-htmlunit/2.27/neko-htmlunit-2.27.jar:/Users/rajatrawat/.m2/repository/org/apache/httpcomponents/httpcore/4.4.6/httpcore-4.4.6.jar:/Users/rajatrawat/.m2/repository/net/jcip/jcip-annotations/1.0/jcip-annotations-1.0.jar:/Users/rajatrawat/.m2/repository/org/seleniumhq/selenium/jetty-repacked/9.4.5.v20170502/jetty-repacked-9.4.5.v20170502.jar:/Users/rajatrawat/.m2/repository/org/eclipse/jetty/jetty-client/9.4.5.v20170502/jetty-client-9.4.5.v20170502.jar:/Users/rajatrawat/.m2/repository/org/eclipse/jetty/jetty-http/9.4.5.v20170502/jetty-http-9.4.5.v20170502.jar:/Users/rajatrawat/.m2/repository/org/eclipse/jetty/jetty-io/9.4.5.v20170502/jetty-io-9.4.5.v20170502.jar:/Users/rajatrawat/.m2/repository/org/eclipse/jetty/jetty-util/9.4.5.v20170502/jetty-util-9.4.5.v20170502.jar:/Users/rajatrawat/.m2/repository/com/codeborne/phantomjsdriver/1.4.0/phantomjsdriver-1.4.0.jar:/Users/rajatrawat/.m2/repository/org/seleniumhq/selenium/htmlunit-driver/2.27/htmlunit-driver-2.27.jar:/Users/rajatrawat/.m2/repository/javax/servlet/javax.servlet-api/3.1.0/javax.servlet-api-3.1.0.jar:/Users/rajatrawat/.m2/repository/org/eclipse/jetty/websocket/websocket-api/9.4.5.v20170502/websocket-api-9.4.5.v20170502.jar:/Users/rajatrawat/.m2/repository/org/eclipse/jetty/websocket/websocket-client/9.4.5.v20170502/websocket-client-9.4.5.v20170502.jar:/Users/rajatrawat/.m2/repository/org/eclipse/jetty/websocket/websocket-common/9.4.5.v20170502/websocket-common-9.4.5.v20170502.jar:/Users/rajatrawat/.m2/repository/xalan/serializer/2.7.2/serializer-2.7.2.jar:/Users/rajatrawat/.m2/repository/xalan/xalan/2.7.2/xalan-2.7.2.jar:/Users/rajatrawat/.m2/repository/xerces/xercesImpl/2.11.0/xercesImpl-2.11.0.jar:/Users/rajatrawat/.m2/repository/xml-apis/xml-apis/1.4.01/xml-apis-1.4.01.jar:/Users/rajatrawat/.m2/repository/org/yaml/snakeyaml/1.15/snakeyaml-1.15.jar:/Users/rajatrawat/.m2/repository/org/apache/poi/poi-ooxml-schemas/3.16/poi-ooxml-schemas-3.16.jar:/Users/rajatrawat/.m2/repository/org/apache/poi/poi-ooxml/3.16/poi-ooxml-3.16.jar:/Users/rajatrawat/.m2/repository/com/github/virtuald/curvesapi/1.04/curvesapi-1.04.jar:/Users/rajatrawat/.m2/repository/org/apache/xmlbeans/xmlbeans/2.6.0/xmlbeans-2.6.0.jar:/Users/rajatrawat/.m2/repository/stax/stax-api/1.0.1/stax-api-1.0.1.jar:/Users/rajatrawat/.m2/repository/io/appium/java-client/7.4.0/java-client-7.4.0.jar:/Users/rajatrawat/.m2/repository/cglib/cglib/3.3.0/cglib-3.3.0.jar:/Users/rajatrawat/.m2/repository/org/ow2/asm/asm/7.1/asm-7.1.jar:/Users/rajatrawat/.m2/repository/commons-validator/commons-validator/1.7/commons-validator-1.7.jar:/Users/rajatrawat/.m2/repository/commons-beanutils/commons-beanutils/1.9.4/commons-beanutils-1.9.4.jar:/Users/rajatrawat/.m2/repository/commons-digester/commons-digester/2.1/commons-digester-2.1.jar:/Users/rajatrawat/.m2/repository/commons-collections/commons-collections/3.2.2/commons-collections-3.2.2.jar:/Users/rajatrawat/.m2/repository/org/springframework/spring-context/5.3.0/spring-context-5.3.0.jar:/Users/rajatrawat/.m2/repository/org/springframework/spring-aop/5.3.0/spring-aop-5.3.0.jar:/Users/rajatrawat/.m2/repository/org/springframework/spring-beans/5.3.0/spring-beans-5.3.0.jar:/Users/rajatrawat/.m2/repository/org/springframework/spring-core/5.3.0/spring-core-5.3.0.jar:/Users/rajatrawat/.m2/repository/org/springframework/spring-jcl/5.3.0/spring-jcl-5.3.0.jar:/Users/rajatrawat/.m2/repository/org/springframework/spring-expression/5.3.0/spring-expression-5.3.0.jar:/Users/rajatrawat/.m2/repository/org/aspectj/aspectjweaver/1.9.6/aspectjweaver-1.9.6.jar:/Users/rajatrawat/.m2/repository/org/apache/logging/log4j/log4j-core/2.9.1/log4j-core-2.9.1.jar:/Users/rajatrawat/.m2/repository/org/apache/logging/log4j/log4j-api/2.9.1/log4j-api-2.9.1.jar:/Users/rajatrawat/.m2/repository/ch/qos/logback/logback-classic/1.3.8/logback-classic-1.3.8.jar:/Users/rajatrawat/.m2/repository/ch/qos/logback/logback-core/1.3.8/logback-core-1.3.8.jar:/Users/rajatrawat/.m2/repository/com/fasterxml/jackson/core/jackson-databind/2.15.2/jackson-databind-2.15.2.jar:/Users/rajatrawat/.m2/repository/com/fasterxml/jackson/core/jackson-annotations/2.15.2/jackson-annotations-2.15.2.jar:/Users/rajatrawat/.m2/repository/com/fasterxml/jackson/core/jackson-core/2.15.2/jackson-core-2.15.2.jar:/Users/rajatrawat/.m2/repository/com/fasterxml/jackson/dataformat/jackson-dataformat-yaml/2.15.2/jackson-dataformat-yaml-2.15.2.jar:/Users/rajatrawat/.m2/repository/org/eclipse/jetty/jetty-server/9.4.51.v20230217/jetty-server-9.4.51.v20230217.jar:/Users/rajatrawat/.m2/repository/io/qameta/allure/allure-generator/2.23.1/allure-generator-2.23.1.jar:/Users/rajatrawat/.m2/repository/io/qameta/allure/allure-plugin-api/2.23.1/allure-plugin-api-2.23.1.jar:/Users/rajatrawat/.m2/repository/com/opencsv/opencsv/4.6/opencsv-4.6.jar:/Users/rajatrawat/.m2/repository/org/apache/commons/commons-text/1.3/commons-text-1.3.jar:/Users/rajatrawat/.m2/repository/com/vladsch/flexmark/flexmark/0.62.2/flexmark-0.62.2.jar:/Users/rajatrawat/.m2/repository/com/vladsch/flexmark/flexmark-util-ast/0.62.2/flexmark-util-ast-0.62.2.jar:/Users/rajatrawat/.m2/repository/org/jetbrains/annotations/15.0/annotations-15.0.jar:/Users/rajatrawat/.m2/repository/com/vladsch/flexmark/flexmark-util-builder/0.62.2/flexmark-util-builder-0.62.2.jar:/Users/rajatrawat/.m2/repository/com/vladsch/flexmark/flexmark-util-collection/0.62.2/flexmark-util-collection-0.62.2.jar:/Users/rajatrawat/.m2/repository/com/vladsch/flexmark/flexmark-util-data/0.62.2/flexmark-util-data-0.62.2.jar:/Users/rajatrawat/.m2/repository/com/vladsch/flexmark/flexmark-util-dependency/0.62.2/flexmark-util-dependency-0.62.2.jar:/Users/rajatrawat/.m2/repository/com/vladsch/flexmark/flexmark-util-format/0.62.2/flexmark-util-format-0.62.2.jar:/Users/rajatrawat/.m2/repository/com/vladsch/flexmark/flexmark-util-html/0.62.2/flexmark-util-html-0.62.2.jar:/Users/rajatrawat/.m2/repository/com/vladsch/flexmark/flexmark-util-misc/0.62.2/flexmark-util-misc-0.62.2.jar:/Users/rajatrawat/.m2/repository/com/vladsch/flexmark/flexmark-util-sequence/0.62.2/flexmark-util-sequence-0.62.2.jar:/Users/rajatrawat/.m2/repository/com/vladsch/flexmark/flexmark-util-visitor/0.62.2/flexmark-util-visitor-0.62.2.jar:/Users/rajatrawat/.m2/repository/com/vladsch/flexmark/flexmark-ext-tables/0.62.2/flexmark-ext-tables-0.62.2.jar:/Users/rajatrawat/.m2/repository/com/vladsch/flexmark/flexmark-util/0.62.2/flexmark-util-0.62.2.jar:/Users/rajatrawat/.m2/repository/com/vladsch/flexmark/flexmark-util-options/0.62.2/flexmark-util-options-0.62.2.jar:/Users/rajatrawat/.m2/repository/com/fasterxml/jackson/dataformat/jackson-dataformat-xml/2.15.2/jackson-dataformat-xml-2.15.2.jar:/Users/rajatrawat/.m2/repository/org/codehaus/woodstox/stax2-api/4.2.1/stax2-api-4.2.1.jar:/Users/rajatrawat/.m2/repository/com/fasterxml/woodstox/woodstox-core/6.5.1/woodstox-core-6.5.1.jar:/Users/rajatrawat/.m2/repository/com/fasterxml/jackson/module/jackson-module-jaxb-annotations/2.15.2/jackson-module-jaxb-annotations-2.15.2.jar:/Users/rajatrawat/.m2/repository/jakarta/xml/bind/jakarta.xml.bind-api/2.3.3/jakarta.xml.bind-api-2.3.3.jar:/Users/rajatrawat/.m2/repository/jakarta/activation/jakarta.activation-api/1.2.2/jakarta.activation-api-1.2.2.jar:/Users/rajatrawat/.m2/repository/javax/xml/bind/jaxb-api/2.3.1/jaxb-api-2.3.1.jar:/Users/rajatrawat/.m2/repository/javax/activation/javax.activation-api/1.2.0/javax.activation-api-1.2.0.jar:/Users/rajatrawat/.m2/repository/org/allurefw/allure1-model/1.0/allure1-model-1.0.jar:/Users/rajatrawat/.m2/repository/ru/qatools/commons/properties/2.0.RC5/properties-2.0.RC5.jar:/Users/rajatrawat/.m2/repository/com/github/baev/jaxb-utils/1.0/jaxb-utils-1.0.jar:/Users/rajatrawat/.m2/repository/org/apache/tika/tika-core/2.8.0/tika-core-2.8.0.jar:"/>
    <property name="java.vm.vendor" value="Oracle Corporation"/>
    <property name="sun.arch.data.model" value="64"/>
    <property name="java.vendor.url" value="https://openjdk.java.net/"/>
    <property name="user.timezone" value="Asia/Kolkata"/>
    <property name="java.vm.specification.version" value="11"/>
    <property name="os.name" value="Mac OS X"/>
    <property name="sun.java.launcher" value="SUN_STANDARD"/>
    <property name="user.country" value="IN"/>
    <property name="sun.boot.library.path" value="/Library/Java/JavaVirtualMachines/jdk-11.0.15.jdk/Contents/Home/lib"/>
    <property name="sun.java.command" value="/Users/rajatrawat/Documents/appium-mobile-automation/target/surefire/surefirebooter13430904594717141544.jar /Users/rajatrawat/Documents/appium-mobile-automation/target/surefire 2023-08-09T16-10-05_172-jvmRun1 surefire16306106638748000848tmp surefire_01484395033429021602tmp"/>
    <property name="http.nonProxyHosts" value="local|*.local|169.254/16|*.169.254/16"/>
    <property name="jdk.debug" value="release"/>
    <property name="surefire.test.class.path" value="/Users/rajatrawat/Documents/appium-mobile-automation/target/test-classes:/Users/rajatrawat/Documents/appium-mobile-automation/target/classes:/Users/rajatrawat/.m2/repository/org/mongodb/bson/3.3.0/bson-3.3.0.jar:/Users/rajatrawat/.m2/repository/org/apache/commons/commons-collections4/4.1/commons-collections4-4.1.jar:/Users/rajatrawat/.m2/repository/org/seleniumhq/selenium/selenium-java/3.141.59/selenium-java-3.141.59.jar:/Users/rajatrawat/.m2/repository/org/seleniumhq/selenium/selenium-api/3.141.59/selenium-api-3.141.59.jar:/Users/rajatrawat/.m2/repository/org/seleniumhq/selenium/selenium-chrome-driver/3.141.59/selenium-chrome-driver-3.141.59.jar:/Users/rajatrawat/.m2/repository/org/seleniumhq/selenium/selenium-edge-driver/3.141.59/selenium-edge-driver-3.141.59.jar:/Users/rajatrawat/.m2/repository/org/seleniumhq/selenium/selenium-firefox-driver/3.141.59/selenium-firefox-driver-3.141.59.jar:/Users/rajatrawat/.m2/repository/org/seleniumhq/selenium/selenium-ie-driver/3.141.59/selenium-ie-driver-3.141.59.jar:/Users/rajatrawat/.m2/repository/org/seleniumhq/selenium/selenium-opera-driver/3.141.59/selenium-opera-driver-3.141.59.jar:/Users/rajatrawat/.m2/repository/org/seleniumhq/selenium/selenium-remote-driver/3.141.59/selenium-remote-driver-3.141.59.jar:/Users/rajatrawat/.m2/repository/org/seleniumhq/selenium/selenium-safari-driver/3.141.59/selenium-safari-driver-3.141.59.jar:/Users/rajatrawat/.m2/repository/org/seleniumhq/selenium/selenium-support/3.141.59/selenium-support-3.141.59.jar:/Users/rajatrawat/.m2/repository/net/bytebuddy/byte-buddy/1.8.15/byte-buddy-1.8.15.jar:/Users/rajatrawat/.m2/repository/org/apache/commons/commons-exec/1.3/commons-exec-1.3.jar:/Users/rajatrawat/.m2/repository/com/squareup/okhttp3/okhttp/3.11.0/okhttp-3.11.0.jar:/Users/rajatrawat/.m2/repository/com/squareup/okio/okio/1.14.0/okio-1.14.0.jar:/Users/rajatrawat/.m2/repository/io/qameta/allure/allure-testng/2.17.0/allure-testng-2.17.0.jar:/Users/rajatrawat/.m2/repository/io/qameta/allure/allure-java-commons/2.17.0/allure-java-commons-2.17.0.jar:/Users/rajatrawat/.m2/repository/io/qameta/allure/allure-model/2.17.0/allure-model-2.17.0.jar:/Users/rajatrawat/.m2/repository/io/qameta/allure/allure-test-filter/2.17.0/allure-test-filter-2.17.0.jar:/Users/rajatrawat/.m2/repository/com/aventstack/extentreports/4.1.2/extentreports-4.1.2.jar:/Users/rajatrawat/.m2/repository/org/apache/httpcomponents/httpclient/4.5.2/httpclient-4.5.2.jar:/Users/rajatrawat/.m2/repository/org/apache/httpcomponents/httpmime/4.5.2/httpmime-4.5.2.jar:/Users/rajatrawat/.m2/repository/com/google/code/gson/gson/2.8.6/gson-2.8.6.jar:/Users/rajatrawat/.m2/repository/org/mongodb/mongodb-driver/3.12.0/mongodb-driver-3.12.0.jar:/Users/rajatrawat/.m2/repository/org/mongodb/mongodb-driver-core/3.12.0/mongodb-driver-core-3.12.0.jar:/Users/rajatrawat/.m2/repository/org/freemarker/freemarker/2.3.23/freemarker-2.3.23.jar:/Users/rajatrawat/.m2/repository/com/google/guava/guava/23.0/guava-23.0.jar:/Users/rajatrawat/.m2/repository/com/google/code/findbugs/jsr305/1.3.9/jsr305-1.3.9.jar:/Users/rajatrawat/.m2/repository/com/google/errorprone/error_prone_annotations/2.0.18/error_prone_annotations-2.0.18.jar:/Users/rajatrawat/.m2/repository/com/google/j2objc/j2objc-annotations/1.1/j2objc-annotations-1.1.jar:/Users/rajatrawat/.m2/repository/org/codehaus/mojo/animal-sniffer-annotations/1.14/animal-sniffer-annotations-1.14.jar:/Users/rajatrawat/.m2/repository/org/apache/poi/poi/3.16/poi-3.16.jar:/Users/rajatrawat/.m2/repository/commons-codec/commons-codec/1.10/commons-codec-1.10.jar:/Users/rajatrawat/.m2/repository/org/apache/poi/poi-excelant/3.16/poi-excelant-3.16.jar:/Users/rajatrawat/.m2/repository/org/apache/ant/ant/1.8.2/ant-1.8.2.jar:/Users/rajatrawat/.m2/repository/org/apache/ant/ant-launcher/1.8.2/ant-launcher-1.8.2.jar:/Users/rajatrawat/.m2/repository/org/testng/testng/7.8.0/testng-7.8.0.jar:/Users/rajatrawat/.m2/repository/org/slf4j/slf4j-api/1.7.36/slf4j-api-1.7.36.jar:/Users/rajatrawat/.m2/repository/com/beust/jcommander/1.82/jcommander-1.82.jar:/Users/rajatrawat/.m2/repository/org/webjars/jquery/3.6.1/jquery-3.6.1.jar:/Users/rajatrawat/.m2/repository/org/seleniumhq/selenium/selenium-server/3.7.1/selenium-server-3.7.1.jar:/Users/rajatrawat/.m2/repository/org/apache/commons/commons-lang3/3.5/commons-lang3-3.5.jar:/Users/rajatrawat/.m2/repository/commons-io/commons-io/2.5/commons-io-2.5.jar:/Users/rajatrawat/.m2/repository/commons-logging/commons-logging/1.2/commons-logging-1.2.jar:/Users/rajatrawat/.m2/repository/org/w3c/css/sac/1.3/sac-1.3.jar:/Users/rajatrawat/.m2/repository/net/sourceforge/cssparser/cssparser/0.9.23/cssparser-0.9.23.jar:/Users/rajatrawat/.m2/repository/net/sourceforge/htmlunit/htmlunit/2.27/htmlunit-2.27.jar:/Users/rajatrawat/.m2/repository/net/sourceforge/htmlunit/htmlunit-core-js/2.27/htmlunit-core-js-2.27.jar:/Users/rajatrawat/.m2/repository/net/sourceforge/htmlunit/neko-htmlunit/2.27/neko-htmlunit-2.27.jar:/Users/rajatrawat/.m2/repository/org/apache/httpcomponents/httpcore/4.4.6/httpcore-4.4.6.jar:/Users/rajatrawat/.m2/repository/net/jcip/jcip-annotations/1.0/jcip-annotations-1.0.jar:/Users/rajatrawat/.m2/repository/org/seleniumhq/selenium/jetty-repacked/9.4.5.v20170502/jetty-repacked-9.4.5.v20170502.jar:/Users/rajatrawat/.m2/repository/org/eclipse/jetty/jetty-client/9.4.5.v20170502/jetty-client-9.4.5.v20170502.jar:/Users/rajatrawat/.m2/repository/org/eclipse/jetty/jetty-http/9.4.5.v20170502/jetty-http-9.4.5.v20170502.jar:/Users/rajatrawat/.m2/repository/org/eclipse/jetty/jetty-io/9.4.5.v20170502/jetty-io-9.4.5.v20170502.jar:/Users/rajatrawat/.m2/repository/org/eclipse/jetty/jetty-util/9.4.5.v20170502/jetty-util-9.4.5.v20170502.jar:/Users/rajatrawat/.m2/repository/com/codeborne/phantomjsdriver/1.4.0/phantomjsdriver-1.4.0.jar:/Users/rajatrawat/.m2/repository/org/seleniumhq/selenium/htmlunit-driver/2.27/htmlunit-driver-2.27.jar:/Users/rajatrawat/.m2/repository/javax/servlet/javax.servlet-api/3.1.0/javax.servlet-api-3.1.0.jar:/Users/rajatrawat/.m2/repository/org/eclipse/jetty/websocket/websocket-api/9.4.5.v20170502/websocket-api-9.4.5.v20170502.jar:/Users/rajatrawat/.m2/repository/org/eclipse/jetty/websocket/websocket-client/9.4.5.v20170502/websocket-client-9.4.5.v20170502.jar:/Users/rajatrawat/.m2/repository/org/eclipse/jetty/websocket/websocket-common/9.4.5.v20170502/websocket-common-9.4.5.v20170502.jar:/Users/rajatrawat/.m2/repository/xalan/serializer/2.7.2/serializer-2.7.2.jar:/Users/rajatrawat/.m2/repository/xalan/xalan/2.7.2/xalan-2.7.2.jar:/Users/rajatrawat/.m2/repository/xerces/xercesImpl/2.11.0/xercesImpl-2.11.0.jar:/Users/rajatrawat/.m2/repository/xml-apis/xml-apis/1.4.01/xml-apis-1.4.01.jar:/Users/rajatrawat/.m2/repository/org/yaml/snakeyaml/1.15/snakeyaml-1.15.jar:/Users/rajatrawat/.m2/repository/org/apache/poi/poi-ooxml-schemas/3.16/poi-ooxml-schemas-3.16.jar:/Users/rajatrawat/.m2/repository/org/apache/poi/poi-ooxml/3.16/poi-ooxml-3.16.jar:/Users/rajatrawat/.m2/repository/com/github/virtuald/curvesapi/1.04/curvesapi-1.04.jar:/Users/rajatrawat/.m2/repository/org/apache/xmlbeans/xmlbeans/2.6.0/xmlbeans-2.6.0.jar:/Users/rajatrawat/.m2/repository/stax/stax-api/1.0.1/stax-api-1.0.1.jar:/Users/rajatrawat/.m2/repository/io/appium/java-client/7.4.0/java-client-7.4.0.jar:/Users/rajatrawat/.m2/repository/cglib/cglib/3.3.0/cglib-3.3.0.jar:/Users/rajatrawat/.m2/repository/org/ow2/asm/asm/7.1/asm-7.1.jar:/Users/rajatrawat/.m2/repository/commons-validator/commons-validator/1.7/commons-validator-1.7.jar:/Users/rajatrawat/.m2/repository/commons-beanutils/commons-beanutils/1.9.4/commons-beanutils-1.9.4.jar:/Users/rajatrawat/.m2/repository/commons-digester/commons-digester/2.1/commons-digester-2.1.jar:/Users/rajatrawat/.m2/repository/commons-collections/commons-collections/3.2.2/commons-collections-3.2.2.jar:/Users/rajatrawat/.m2/repository/org/springframework/spring-context/5.3.0/spring-context-5.3.0.jar:/Users/rajatrawat/.m2/repository/org/springframework/spring-aop/5.3.0/spring-aop-5.3.0.jar:/Users/rajatrawat/.m2/repository/org/springframework/spring-beans/5.3.0/spring-beans-5.3.0.jar:/Users/rajatrawat/.m2/repository/org/springframework/spring-core/5.3.0/spring-core-5.3.0.jar:/Users/rajatrawat/.m2/repository/org/springframework/spring-jcl/5.3.0/spring-jcl-5.3.0.jar:/Users/rajatrawat/.m2/repository/org/springframework/spring-expression/5.3.0/spring-expression-5.3.0.jar:/Users/rajatrawat/.m2/repository/org/aspectj/aspectjweaver/1.9.6/aspectjweaver-1.9.6.jar:/Users/rajatrawat/.m2/repository/org/apache/logging/log4j/log4j-core/2.9.1/log4j-core-2.9.1.jar:/Users/rajatrawat/.m2/repository/org/apache/logging/log4j/log4j-api/2.9.1/log4j-api-2.9.1.jar:/Users/rajatrawat/.m2/repository/ch/qos/logback/logback-classic/1.3.8/logback-classic-1.3.8.jar:/Users/rajatrawat/.m2/repository/ch/qos/logback/logback-core/1.3.8/logback-core-1.3.8.jar:/Users/rajatrawat/.m2/repository/com/fasterxml/jackson/core/jackson-databind/2.15.2/jackson-databind-2.15.2.jar:/Users/rajatrawat/.m2/repository/com/fasterxml/jackson/core/jackson-annotations/2.15.2/jackson-annotations-2.15.2.jar:/Users/rajatrawat/.m2/repository/com/fasterxml/jackson/core/jackson-core/2.15.2/jackson-core-2.15.2.jar:/Users/rajatrawat/.m2/repository/com/fasterxml/jackson/dataformat/jackson-dataformat-yaml/2.15.2/jackson-dataformat-yaml-2.15.2.jar:/Users/rajatrawat/.m2/repository/org/eclipse/jetty/jetty-server/9.4.51.v20230217/jetty-server-9.4.51.v20230217.jar:/Users/rajatrawat/.m2/repository/io/qameta/allure/allure-generator/2.23.1/allure-generator-2.23.1.jar:/Users/rajatrawat/.m2/repository/io/qameta/allure/allure-plugin-api/2.23.1/allure-plugin-api-2.23.1.jar:/Users/rajatrawat/.m2/repository/com/opencsv/opencsv/4.6/opencsv-4.6.jar:/Users/rajatrawat/.m2/repository/org/apache/commons/commons-text/1.3/commons-text-1.3.jar:/Users/rajatrawat/.m2/repository/com/vladsch/flexmark/flexmark/0.62.2/flexmark-0.62.2.jar:/Users/rajatrawat/.m2/repository/com/vladsch/flexmark/flexmark-util-ast/0.62.2/flexmark-util-ast-0.62.2.jar:/Users/rajatrawat/.m2/repository/org/jetbrains/annotations/15.0/annotations-15.0.jar:/Users/rajatrawat/.m2/repository/com/vladsch/flexmark/flexmark-util-builder/0.62.2/flexmark-util-builder-0.62.2.jar:/Users/rajatrawat/.m2/repository/com/vladsch/flexmark/flexmark-util-collection/0.62.2/flexmark-util-collection-0.62.2.jar:/Users/rajatrawat/.m2/repository/com/vladsch/flexmark/flexmark-util-data/0.62.2/flexmark-util-data-0.62.2.jar:/Users/rajatrawat/.m2/repository/com/vladsch/flexmark/flexmark-util-dependency/0.62.2/flexmark-util-dependency-0.62.2.jar:/Users/rajatrawat/.m2/repository/com/vladsch/flexmark/flexmark-util-format/0.62.2/flexmark-util-format-0.62.2.jar:/Users/rajatrawat/.m2/repository/com/vladsch/flexmark/flexmark-util-html/0.62.2/flexmark-util-html-0.62.2.jar:/Users/rajatrawat/.m2/repository/com/vladsch/flexmark/flexmark-util-misc/0.62.2/flexmark-util-misc-0.62.2.jar:/Users/rajatrawat/.m2/repository/com/vladsch/flexmark/flexmark-util-sequence/0.62.2/flexmark-util-sequence-0.62.2.jar:/Users/rajatrawat/.m2/repository/com/vladsch/flexmark/flexmark-util-visitor/0.62.2/flexmark-util-visitor-0.62.2.jar:/Users/rajatrawat/.m2/repository/com/vladsch/flexmark/flexmark-ext-tables/0.62.2/flexmark-ext-tables-0.62.2.jar:/Users/rajatrawat/.m2/repository/com/vladsch/flexmark/flexmark-util/0.62.2/flexmark-util-0.62.2.jar:/Users/rajatrawat/.m2/repository/com/vladsch/flexmark/flexmark-util-options/0.62.2/flexmark-util-options-0.62.2.jar:/Users/rajatrawat/.m2/repository/com/fasterxml/jackson/dataformat/jackson-dataformat-xml/2.15.2/jackson-dataformat-xml-2.15.2.jar:/Users/rajatrawat/.m2/repository/org/codehaus/woodstox/stax2-api/4.2.1/stax2-api-4.2.1.jar:/Users/rajatrawat/.m2/repository/com/fasterxml/woodstox/woodstox-core/6.5.1/woodstox-core-6.5.1.jar:/Users/rajatrawat/.m2/repository/com/fasterxml/jackson/module/jackson-module-jaxb-annotations/2.15.2/jackson-module-jaxb-annotations-2.15.2.jar:/Users/rajatrawat/.m2/repository/jakarta/xml/bind/jakarta.xml.bind-api/2.3.3/jakarta.xml.bind-api-2.3.3.jar:/Users/rajatrawat/.m2/repository/jakarta/activation/jakarta.activation-api/1.2.2/jakarta.activation-api-1.2.2.jar:/Users/rajatrawat/.m2/repository/javax/xml/bind/jaxb-api/2.3.1/jaxb-api-2.3.1.jar:/Users/rajatrawat/.m2/repository/javax/activation/javax.activation-api/1.2.0/javax.activation-api-1.2.0.jar:/Users/rajatrawat/.m2/repository/org/allurefw/allure1-model/1.0/allure1-model-1.0.jar:/Users/rajatrawat/.m2/repository/ru/qatools/commons/properties/2.0.RC5/properties-2.0.RC5.jar:/Users/rajatrawat/.m2/repository/com/github/baev/jaxb-utils/1.0/jaxb-utils-1.0.jar:/Users/rajatrawat/.m2/repository/org/apache/tika/tika-core/2.8.0/tika-core-2.8.0.jar:"/>
    <property name="sun.cpu.endian" value="little"/>
    <property name="user.home" value="/Users/rajatrawat"/>
    <property name="user.language" value="en"/>
    <property name="java.specification.vendor" value="Oracle Corporation"/>
    <property name="java.version.date" value="2022-04-19"/>
    <property name="java.home" value="/Library/Java/JavaVirtualMachines/jdk-11.0.15.jdk/Contents/Home"/>
    <property name="testng.dtd.http" value="true"/>
    <property name="file.separator" value="/"/>
    <property name="basedir" value="/Users/rajatrawat/Documents/appium-mobile-automation"/>
    <property name="java.vm.compressedOopsMode" value="Zero based"/>
    <property name="line.separator" value="&#10;"/>
    <property name="java.specification.name" value="Java Platform API Specification"/>
    <property name="java.vm.specification.vendor" value="Oracle Corporation"/>
    <property name="java.awt.graphicsenv" value="sun.awt.CGraphicsEnvironment"/>
    <property name="surefire.real.class.path" value="/Users/rajatrawat/Documents/appium-mobile-automation/target/surefire/surefirebooter13430904594717141544.jar"/>
    <property name="sun.management.compiler" value="HotSpot 64-Bit Tiered Compilers"/>
    <property name="ftp.nonProxyHosts" value="local|*.local|169.254/16|*.169.254/16"/>
    <property name="java.runtime.version" value="11.0.15+8-LTS-149"/>
    <property name="user.name" value="rajatrawat"/>
    <property name="path.separator" value=":"/>
    <property name="os.version" value="13.4.1"/>
    <property name="java.runtime.name" value="Java(TM) SE Runtime Environment"/>
    <property name="file.encoding" value="UTF-8"/>
    <property name="java.vm.name" value="Java HotSpot(TM) 64-Bit Server VM"/>
    <property name="java.vendor.version" value="18.9"/>
    <property name="localRepository" value="/Users/rajatrawat/.m2/repository"/>
    <property name="java.vendor.url.bug" value="https://bugreport.java.com/bugreport/"/>
    <property name="java.io.tmpdir" value="/var/folders/4r/bp82_jxx7512vppn99mjlwp40000gn/T/"/>
    <property name="java.version" value="11.0.15"/>
    <property name="user.dir" value="/Users/rajatrawat/Documents/appium-mobile-automation"/>
    <property name="os.arch" value="x86_64"/>
    <property name="java.vm.specification.name" value="Java Virtual Machine Specification"/>
    <property name="java.awt.printerjob" value="sun.lwawt.macosx.CPrinterJob"/>
    <property name="sun.os.patch.level" value="unknown"/>
    <property name="java.library.path" value="/Users/rajatrawat/Library/Java/Extensions:/Library/Java/Extensions:/Network/Library/Java/Extensions:/System/Library/Java/Extensions:/usr/lib/java:."/>
    <property name="java.vendor" value="Oracle Corporation"/>
    <property name="java.vm.info" value="mixed mode"/>
    <property name="java.vm.version" value="11.0.15+8-LTS-149"/>
    <property name="sun.io.unicode.encoding" value="UnicodeBig"/>
    <property name="java.class.version" value="55.0"/>
    <property name="socksNonProxyHosts" value="local|*.local|169.254/16|*.169.254/16"/>
  </properties>
  <testcase name="testAndroidUserActions[{appPackage=com.thirdrock, execution=Yes, noReset=TRUE, elementId2=, elementId1=, deviceName=Pixel 6 API 33, appPath=/Users/rajatrawat/Documents/appium-mobile-automation/app-prod-devel-release.apk, elementId4=, Sheet Name=Name: /xl/worksheets/sheet3.xml - Content Type: application/vnd.openxmlformats-officedocument.spreadsheetml.worksheet+xml, elementId3=, appActivity=com.thirdrock.view.activity.StartActivity, platformVersion=13, testMethod=Verify App Launch and Disable Data, automationName=UiAutomator2, action=LaunchAppDisableData, platformName=Android, value=}](1)" classname="com.algoworks.automationmobile.base_RR.ThridRockTestCases" time="0.366">
    <system-out><![CDATA[Combined Element IDs: 
Number of Element IDs: 1
Combined Element IDs: 
Number of Element IDs: 1
Combined Element IDs: 
Number of Element IDs: 1
Combined Element IDs: 
Number of Element IDs: 1
Combined Element IDs: //*[contains(@text,'Skip')]
//*[contains(@text,'Continue')]
com.thirdrock:id/tvHeading
Number of Element IDs: 3
Combined Element IDs: //*[contains(@text,'Continue')]
Number of Element IDs: 1
Combined Element IDs: //*[contains(@text,'Continue')]
//*[contains(@text,'Continue')]
//*[contains(@text,'Get Started')]
//*[contains(@text,'Welcome Inceptor')]
Number of Element IDs: 4
Combined Element IDs: //*[contains(@text,'Continue')]
com.thirdrock:id/tvSkip
//*[contains(@text,'Welcome Inceptor')]
Number of Element IDs: 3
Combined Element IDs: 
Number of Element IDs: 1
Combined Element IDs: 
Number of Element IDs: 1
Combined Element IDs: 
Number of Element IDs: 1
Combined Element IDs: 
Number of Element IDs: 1
Combined Element IDs: //*[contains(@text,'Skip')]
//*[contains(@text,'Continue')]
com.thirdrock:id/tvHeading
Number of Element IDs: 3
Combined Element IDs: //*[contains(@text,'Continue')]
Number of Element IDs: 1
Combined Element IDs: //*[contains(@text,'Continue')]
//*[contains(@text,'Continue')]
//*[contains(@text,'Get Started')]
//*[contains(@text,'Welcome Inceptor')]
Number of Element IDs: 4
Combined Element IDs: //*[contains(@text,'Continue')]
com.thirdrock:id/tvSkip
//*[contains(@text,'Welcome Inceptor')]
Number of Element IDs: 3
Executing test: Verify App Launch and Disable Data with action: LaunchAppDisableData
data is disabled now
]]></system-out>
    <system-err><![CDATA[SLF4J: Failed to load class "org.slf4j.impl.StaticLoggerBinder".
SLF4J: Defaulting to no-operation (NOP) logger implementation
SLF4J: See http://www.slf4j.org/codes.html#StaticLoggerBinder for further details.
Aug 09, 2023 4:10:13 PM io.appium.java_client.remote.AppiumCommandExecutor$1 lambda$0
INFO: Detected dialect: OSS
Aug 09, 2023 4:10:19 PM io.appium.java_client.remote.AppiumCommandExecutor$1 lambda$0
INFO: Detected dialect: OSS
Aug 09, 2023 4:10:25 PM io.appium.java_client.remote.AppiumCommandExecutor$1 lambda$0
INFO: Detected dialect: OSS
Aug 09, 2023 4:10:31 PM io.appium.java_client.remote.AppiumCommandExecutor$1 lambda$0
INFO: Detected dialect: OSS
Aug 09, 2023 4:10:37 PM io.appium.java_client.remote.AppiumCommandExecutor$1 lambda$0
INFO: Detected dialect: OSS
Aug 09, 2023 4:10:43 PM io.appium.java_client.remote.AppiumCommandExecutor$1 lambda$0
INFO: Detected dialect: OSS
Aug 09, 2023 4:10:49 PM io.appium.java_client.remote.AppiumCommandExecutor$1 lambda$0
INFO: Detected dialect: OSS
Aug 09, 2023 4:10:54 PM io.appium.java_client.remote.AppiumCommandExecutor$1 lambda$0
INFO: Detected dialect: OSS
]]></system-err>
  </testcase>
  <testcase name="testAndroidUserActions[{appPackage=com.thirdrock, execution=Yes, noReset=TRUE, elementId2=, elementId1=, deviceName=Pixel 6 API 33, appPath=/Users/rajatrawat/Documents/appium-mobile-automation/app-prod-devel-release.apk, elementId4=, Sheet Name=Name: /xl/worksheets/sheet3.xml - Content Type: application/vnd.openxmlformats-officedocument.spreadsheetml.worksheet+xml, elementId3=, appActivity=com.thirdrock.view.activity.StartActivity, platformVersion=13, testMethod=Verify App is Installed, automationName=UiAutomator2, action=IsAppInstalled, platformName=Android, value=}](2)" classname="com.algoworks.automationmobile.base_RR.ThridRockTestCases" time="0.082">
    <system-out><![CDATA[Executing test: Verify App is Installed with action: IsAppInstalled
com.thirdrock
]]></system-out>
  </testcase>
  <testcase name="testAndroidUserActions[{appPackage=com.thirdrock, execution=Yes, noReset=TRUE, elementId2=, elementId1=, deviceName=Pixel 6 API 33, appPath=/Users/rajatrawat/Documents/appium-mobile-automation/app-prod-devel-release.apk, elementId4=, Sheet Name=Name: /xl/worksheets/sheet3.xml - Content Type: application/vnd.openxmlformats-officedocument.spreadsheetml.worksheet+xml, elementId3=, appActivity=com.thirdrock.view.activity.StartActivity, platformVersion=13, testMethod=Verify App Launch and Disable Wifi, automationName=UiAutomator2, action=LaunchAppDisableWifi, platformName=Android, value=}](3)" classname="com.algoworks.automationmobile.base_RR.ThridRockTestCases" time="0.16">
    <system-out><![CDATA[Executing test: Verify App Launch and Disable Wifi with action: LaunchAppDisableWifi
wifi is disabled now
]]></system-out>
  </testcase>
  <testcase name="testAndroidUserActions[{appPackage=com.thirdrock, execution=Yes, noReset=TRUE, elementId2=, elementId1=, deviceName=Pixel 6 API 33, appPath=/Users/rajatrawat/Documents/appium-mobile-automation/app-prod-devel-release.apk, elementId4=, Sheet Name=Name: /xl/worksheets/sheet3.xml - Content Type: application/vnd.openxmlformats-officedocument.spreadsheetml.worksheet+xml, elementId3=, appActivity=com.thirdrock.view.activity.StartActivity, platformVersion=13, testMethod=Verify App is Removed, automationName=UiAutomator2, action=IsAppRemoved, platformName=Android, value=}](4)" classname="com.algoworks.automationmobile.base_RR.ThridRockTestCases" time="0.475">
    <system-out><![CDATA[Executing test: Verify App is Removed with action: IsAppRemoved
com.thirdrock
]]></system-out>
  </testcase>
  <testcase name="testAndroidUserActions[{appPackage=com.thirdrock, execution=Yes, noReset=TRUE, elementId2=//*[contains(@text,&apos;Continue&apos;)], elementId1=//*[contains(@text,&apos;Skip&apos;)], deviceName=Pixel 6 API 33, appPath=/Users/rajatrawat/Documents/appium-mobile-automation/app-prod-devel-release.apk, elementId4=, Sheet Name=Name: /xl/worksheets/sheet3.xml - Content Type: application/vnd.openxmlformats-officedocument.spreadsheetml.worksheet+xml, elementId3=com.thirdrock:id/tvHeading, appActivity=com.thirdrock.view.activity.StartActivity, platformVersion=13, testMethod=Verify Screen Content, automationName=UiAutomator2, action=VerifyScreenContent, platformName=Android, value=}](5)" classname="com.algoworks.automationmobile.base_RR.ThridRockTestCases" time="4.545">
    <system-out><![CDATA[Executing test: Verify Screen Content with action: VerifyScreenContent
Screen content verification successful.
element1: Skip
element2: Continue
element3: Choose & Save
All are present on the screen.
]]></system-out>
  </testcase>
  <testcase name="testAndroidUserActions[{appPackage=com.thirdrock, execution=Yes, noReset=TRUE, elementId2=, elementId1=//*[contains(@text,&apos;Continue&apos;)], deviceName=Pixel 6 API 33, appPath=/Users/rajatrawat/Documents/appium-mobile-automation/app-prod-devel-release.apk, elementId4=, Sheet Name=Name: /xl/worksheets/sheet3.xml - Content Type: application/vnd.openxmlformats-officedocument.spreadsheetml.worksheet+xml, elementId3=, appActivity=com.thirdrock.view.activity.StartActivity, platformVersion=13, testMethod=Click Continue Button, automationName=UiAutomator2, action=ClickContinueButton, platformName=Android, value=}](6)" classname="com.algoworks.automationmobile.base_RR.ThridRockTestCases" time="6.367">
    <system-out><![CDATA[Executing test: Click Continue Button with action: ClickContinueButton
Tap Performed successfully..
]]></system-out>
  </testcase>
  <testcase name="testAndroidUserActions[{appPackage=com.thirdrock, execution=Yes, noReset=TRUE, elementId2=//*[contains(@text,&apos;Continue&apos;)], elementId1=//*[contains(@text,&apos;Continue&apos;)], deviceName=Pixel 6 API 33, appPath=/Users/rajatrawat/Documents/appium-mobile-automation/app-prod-devel-release.apk, elementId4=//*[contains(@text,&apos;Welcome Inceptor&apos;)], Sheet Name=Name: /xl/worksheets/sheet3.xml - Content Type: application/vnd.openxmlformats-officedocument.spreadsheetml.worksheet+xml, elementId3=//*[contains(@text,&apos;Get Started&apos;)], appActivity=com.thirdrock.view.activity.StartActivity, platformVersion=13, testMethod=navigateToFirstScreenTest, automationName=UiAutomator2, action=NavigateToFirstScreen, platformName=Android, value=}](7)" classname="com.algoworks.automationmobile.base_RR.ThridRockTestCases" time="92.868">
    <failure message="Navigation to the first screen failed." type="java.lang.AssertionError"><![CDATA[java.lang.AssertionError: Navigation to the first screen failed.
	at com.algoworks.automationmobile.base_RR.ThridRockTestCases.testAndroidUserActions(ThridRockTestCases.java:85)
]]></failure>
    <system-out><![CDATA[Executing test: navigateToFirstScreenTest with action: NavigateToFirstScreen
Element ID 1: //*[contains(@text,'Continue')]
Element ID 2: //*[contains(@text,'Continue')]
Element ID 3: //*[contains(@text,'Get Started')]
Element ID 4: //*[contains(@text,'Welcome Inceptor')]
Navigation to the first screen failed.
]]></system-out>
    <system-err><![CDATA[org.openqa.selenium.TimeoutException: Expected condition failed: waiting for com.algoworks.automationmobile.base_RR.ThirdRockAppAction$$Lambda$550/0x000000080044c040@5dc769f9 (tried for 90 second(s) with 2000 milliseconds interval)
	at org.openqa.selenium.support.ui.FluentWait.timeoutException(FluentWait.java:304)
	at org.openqa.selenium.support.ui.FluentWait.until(FluentWait.java:272)
	at com.algoworks.automationmobile.base_RR.ThirdRockAppAction.navigateToFirstScreen(ThirdRockAppAction.java:113)
	at com.algoworks.automationmobile.base_RR.ThridRockTestCases.testAndroidUserActions(ThridRockTestCases.java:85)
	at java.base/jdk.internal.reflect.NativeMethodAccessorImpl.invoke0(Native Method)
	at java.base/jdk.internal.reflect.NativeMethodAccessorImpl.invoke(NativeMethodAccessorImpl.java:62)
	at java.base/jdk.internal.reflect.DelegatingMethodAccessorImpl.invoke(DelegatingMethodAccessorImpl.java:43)
	at java.base/java.lang.reflect.Method.invoke(Method.java:566)
	at org.testng.internal.invokers.MethodInvocationHelper.invokeMethod(MethodInvocationHelper.java:139)
	at org.testng.internal.invokers.TestInvoker.invokeMethod(TestInvoker.java:664)
	at org.testng.internal.invokers.TestInvoker.invokeTestMethod(TestInvoker.java:227)
	at org.testng.internal.invokers.MethodRunner.runInSequence(MethodRunner.java:50)
	at org.testng.internal.invokers.TestInvoker$MethodInvocationAgent.invoke(TestInvoker.java:957)
	at org.testng.internal.invokers.TestInvoker.invokeTestMethods(TestInvoker.java:200)
	at org.testng.internal.invokers.TestMethodWorker.invokeTestMethods(TestMethodWorker.java:148)
	at org.testng.internal.invokers.TestMethodWorker.run(TestMethodWorker.java:128)
	at java.base/java.util.ArrayList.forEach(ArrayList.java:1541)
	at org.testng.TestRunner.privateRun(TestRunner.java:848)
	at org.testng.TestRunner.run(TestRunner.java:621)
	at org.testng.SuiteRunner.runTest(SuiteRunner.java:443)
	at org.testng.SuiteRunner.runSequentially(SuiteRunner.java:437)
	at org.testng.SuiteRunner.privateRun(SuiteRunner.java:397)
	at org.testng.SuiteRunner.run(SuiteRunner.java:336)
	at org.testng.SuiteRunnerWorker.runSuite(SuiteRunnerWorker.java:52)
	at org.testng.SuiteRunnerWorker.run(SuiteRunnerWorker.java:95)
	at org.testng.TestNG.runSuitesSequentially(TestNG.java:1280)
	at org.testng.TestNG.runSuitesLocally(TestNG.java:1200)
	at org.testng.TestNG.runSuites(TestNG.java:1114)
	at org.testng.TestNG.run(TestNG.java:1082)
	at org.apache.maven.surefire.testng.TestNGExecutor.run(TestNGExecutor.java:284)
	at org.apache.maven.surefire.testng.TestNGXmlTestSuite.execute(TestNGXmlTestSuite.java:75)
	at org.apache.maven.surefire.testng.TestNGProvider.invoke(TestNGProvider.java:119)
	at org.apache.maven.surefire.booter.ForkedBooter.runSuitesInProcess(ForkedBooter.java:428)
	at org.apache.maven.surefire.booter.ForkedBooter.execute(ForkedBooter.java:162)
	at org.apache.maven.surefire.booter.ForkedBooter.run(ForkedBooter.java:562)
	at org.apache.maven.surefire.booter.ForkedBooter.main(ForkedBooter.java:548)
Caused by: org.openqa.selenium.NoSuchElementException: An element could not be located on the page using the given search parameters. (WARNING: The server did not provide any stacktrace information)
Command duration or timeout: 0 milliseconds
For documentation on this error, please visit: https://www.seleniumhq.org/exceptions/no_such_element.html
Build info: version: '3.141.59', revision: 'e82be7d358', time: '2018-11-14T08:17:03'
System info: host: 'Rajats-MacBook-Pro.local', ip: '2406:b400:52:c59e:ade9:2088:b600:172e%en0', os.name: 'Mac OS X', os.arch: 'x86_64', os.version: '13.4.1', java.version: '11.0.15'
Driver info: io.appium.java_client.android.AndroidDriver
Capabilities {app: /Users/rajatrawat/Documents..., appActivity: com.thirdrock.view.activity..., appPackage: com.thirdrock, automationName: UiAutomator2, databaseEnabled: false, desired: {app: /Users/rajatrawat/Documents..., appActivity: com.thirdrock.view.activity..., appPackage: com.thirdrock, automationName: UiAutomator2, deviceName: Pixel 6 API 33, noReset: true, platformName: Android, platformVersion: 13}, deviceApiLevel: 33, deviceManufacturer: Google, deviceModel: sdk_gphone64_arm64, deviceName: emulator-5554, deviceScreenDensity: 420, deviceScreenSize: 1080x2400, deviceUDID: emulator-5554, javascriptEnabled: true, locationContextEnabled: false, networkConnectionEnabled: true, noReset: true, pixelRatio: 2.625, platform: LINUX, platformName: Android, platformVersion: 13, statBarHeight: 136, takesScreenshot: true, viewportRect: {height: 2065, left: 0, top: 136, width: 1080}, warnings: {}, webStorageEnabled: false}
Session ID: 974246bf-0dd4-4157-a4cd-78c8eb02bdbe
*** Element info: {Using=xpath, value=//*[contains(@text,'Continue')]}
	at jdk.internal.reflect.GeneratedConstructorAccessor19.newInstance(Unknown Source)
	at java.base/jdk.internal.reflect.DelegatingConstructorAccessorImpl.newInstance(DelegatingConstructorAccessorImpl.java:45)
	at java.base/java.lang.reflect.Constructor.newInstance(Constructor.java:490)
	at org.openqa.selenium.remote.ErrorHandler.createThrowable(ErrorHandler.java:214)
	at org.openqa.selenium.remote.ErrorHandler.throwIfResponseFailed(ErrorHandler.java:166)
	at org.openqa.selenium.remote.http.JsonHttpResponseCodec.reconstructValue(JsonHttpResponseCodec.java:40)
	at org.openqa.selenium.remote.http.AbstractHttpResponseCodec.decode(AbstractHttpResponseCodec.java:80)
	at org.openqa.selenium.remote.http.AbstractHttpResponseCodec.decode(AbstractHttpResponseCodec.java:44)
	at org.openqa.selenium.remote.HttpCommandExecutor.execute(HttpCommandExecutor.java:158)
	at io.appium.java_client.remote.AppiumCommandExecutor.execute(AppiumCommandExecutor.java:247)
	at org.openqa.selenium.remote.RemoteWebDriver.execute(RemoteWebDriver.java:552)
	at io.appium.java_client.DefaultGenericMobileDriver.execute(DefaultGenericMobileDriver.java:41)
	at io.appium.java_client.AppiumDriver.execute(AppiumDriver.java:1)
	at io.appium.java_client.android.AndroidDriver.execute(AndroidDriver.java:1)
	at org.openqa.selenium.remote.RemoteWebDriver.findElement(RemoteWebDriver.java:323)
	at io.appium.java_client.DefaultGenericMobileDriver.findElement(DefaultGenericMobileDriver.java:61)
	at io.appium.java_client.AppiumDriver.findElement(AppiumDriver.java:1)
	at io.appium.java_client.android.AndroidDriver.findElement(AndroidDriver.java:1)
	at org.openqa.selenium.remote.RemoteWebDriver.findElementByXPath(RemoteWebDriver.java:428)
	at io.appium.java_client.DefaultGenericMobileDriver.findElementByXPath(DefaultGenericMobileDriver.java:151)
	at io.appium.java_client.AppiumDriver.findElementByXPath(AppiumDriver.java:1)
	at io.appium.java_client.android.AndroidDriver.findElementByXPath(AndroidDriver.java:1)
	at org.openqa.selenium.By$ByXPath.findElement(By.java:353)
	at org.openqa.selenium.remote.RemoteWebDriver.findElement(RemoteWebDriver.java:315)
	at io.appium.java_client.DefaultGenericMobileDriver.findElement(DefaultGenericMobileDriver.java:57)
	at io.appium.java_client.AppiumDriver.findElement(AppiumDriver.java:1)
	at io.appium.java_client.android.AndroidDriver.findElement(AndroidDriver.java:1)
	at com.algoworks.automationmobile.base_RR.ThirdRockAppAction.lambda$navigateToFirstScreen$3(ThirdRockAppAction.java:113)
	at org.openqa.selenium.support.ui.FluentWait.until(FluentWait.java:249)
	... 34 more
]]></system-err>
  </testcase>
  <testcase name="testAndroidUserActions[{appPackage=com.thirdrock, execution=Yes, noReset=TRUE, elementId2=com.thirdrock:id/tvSkip, elementId1=//*[contains(@text,&apos;Continue&apos;)], deviceName=Pixel 6 API 33, appPath=/Users/rajatrawat/Documents/appium-mobile-automation/app-prod-devel-release.apk, elementId4=, Sheet Name=Name: /xl/worksheets/sheet3.xml - Content Type: application/vnd.openxmlformats-officedocument.spreadsheetml.worksheet+xml, elementId3=//*[contains(@text,&apos;Welcome Inceptor&apos;)], appActivity=com.thirdrock.view.activity.StartActivity, platformVersion=13, testMethod=Click Skip Button, automationName=UiAutomator2, action=ClickSkipButton, platformName=Android, value=}](8)" classname="com.algoworks.automationmobile.base_RR.ThridRockTestCases" time="7.379">
    <system-out><![CDATA[Executing test: Click Skip Button with action: ClickSkipButton
Element ID 1: //*[contains(@text,'Continue')]
Element ID 2: com.thirdrock:id/tvSkip
Element ID 3: //*[contains(@text,'Welcome Inceptor')]
Element clicked successfully.
Element clicked successfully.
]]></system-out>
  </testcase>
</testsuite>