<?xml version="1.0" encoding="UTF-8"?>
<!-- Generated by org.testng.reporters.JUnitReportReporter -->
<testsuite hostname="Rajats-MacBook-Pro.local" failures="0" tests="2" name="com.algoworks.automationmobile.Base.MainInitiator" time="0.195" errors="0" timestamp="2023-07-27T18:30:30 IST" skipped="0">
  <testcase classname="com.algoworks.automationmobile.Base.MainInitiator" name="startTest" time="0.138"/>
  <system-out/>
  <testcase classname="com.algoworks.automationmobile.Base.MainInitiator" name="startTest" time="0.057"/>
  <system-out/>
</testsuite> <!-- com.algoworks.automationmobile.Base.MainInitiator -->
