<?xml version="1.0" encoding="UTF-8"?>
<!-- Generated by org.testng.reporters.JUnitReportReporter -->
<testsuite hostname="Rajats-MacBook-Pro.local" failures="0" tests="8" name="com.algoworks.automationmobile.base_RR.ThridRockTestCases" time="73.967" errors="0" timestamp="2023-08-10T17:10:38 IST" skipped="0">
  <testcase classname="com.algoworks.automationmobile.base_RR.ThridRockTestCases" name="testAndroidUserActions1" time="1.855"/>
  <system-out/>
  <testcase classname="com.algoworks.automationmobile.base_RR.ThridRockTestCases" name="testAndroidUserActions1" time="1.515"/>
  <system-out/>
  <testcase classname="com.algoworks.automationmobile.base_RR.ThridRockTestCases" name="testAndroidUserActions1" time="27.903"/>
  <system-out/>
  <testcase classname="com.algoworks.automationmobile.base_RR.ThridRockTestCases" name="testAndroidUserActions1" time="1.742"/>
  <system-out/>
  <testcase classname="com.algoworks.automationmobile.base_RR.ThridRockTestCases" name="testAndroidUserActions1" time="6.546"/>
  <system-out/>
  <testcase classname="com.algoworks.automationmobile.base_RR.ThridRockTestCases" name="testAndroidUserActions1" time="5.183"/>
  <system-out/>
  <testcase classname="com.algoworks.automationmobile.base_RR.ThridRockTestCases" name="testAndroidUserActions1" time="1.609"/>
  <system-out/>
  <testcase classname="com.algoworks.automationmobile.base_RR.ThridRockTestCases" name="testAndroidUserActions1" time="27.614"/>
  <system-out/>
</testsuite> <!-- com.algoworks.automationmobile.base_RR.ThridRockTestCases -->
